<?xml version="1.0" encoding="UTF-8"?>
<!-- Generated by org.testng.reporters.JUnitReportReporter -->
<testsuite hostname="ManasPC" failures="0" tests="1" name="runner.TestRunner" time="2.545" errors="0" timestamp="2023-03-20T14:10:53 CDT" skipped="0">
  <testcase classname="runner.TestRunner" name="runScenario" time="2.545"/>
  <system-out/>
</testsuite> <!-- runner.TestRunner -->
