<?xml version="1.0" encoding="UTF-8"?>
<!-- Generated by org.testng.reporters.JUnitReportReporter -->
<testsuite hostname="ManasPC" failures="0" tests="29" name="runner.RunnerTest" time="103.522" errors="0" timestamp="2023-03-24T23:20:58 CDT" skipped="0">
  <testcase classname="runner.RunnerTest" name="runScenario" time="8.472"/>
  <system-out/>
  <testcase classname="runner.RunnerTest" name="runScenario" time="5.928"/>
  <system-out/>
  <testcase classname="runner.RunnerTest" name="runScenario" time="5.666"/>
  <system-out/>
  <testcase classname="runner.RunnerTest" name="runScenario" time="0.828"/>
  <system-out/>
  <testcase classname="runner.RunnerTest" name="runScenario" time="0.660"/>
  <system-out/>
  <testcase classname="runner.RunnerTest" name="runScenario" time="5.944"/>
  <system-out/>
  <testcase classname="runner.RunnerTest" name="runScenario" time="0.503"/>
  <system-out/>
  <testcase classname="runner.RunnerTest" name="runScenario" time="9.285"/>
  <system-out/>
  <testcase classname="runner.RunnerTest" name="runScenario" time="5.823"/>
  <system-out/>
  <testcase classname="runner.RunnerTest" name="runScenario" time="8.750"/>
  <system-out/>
  <testcase classname="runner.RunnerTest" name="runScenario" time="0.741"/>
  <system-out/>
  <testcase classname="runner.RunnerTest" name="runScenario" time="3.141"/>
  <system-out/>
  <testcase classname="runner.RunnerTest" name="runScenario" time="0.567"/>
  <system-out/>
  <testcase classname="runner.RunnerTest" name="runScenario" time="0.856"/>
  <system-out/>
  <testcase classname="runner.RunnerTest" name="runScenario" time="5.545"/>
  <system-out/>
  <testcase classname="runner.RunnerTest" name="runScenario" time="0.916"/>
  <system-out/>
  <testcase classname="runner.RunnerTest" name="runScenario" time="0.509"/>
  <system-out/>
  <testcase classname="runner.RunnerTest" name="runScenario" time="8.506"/>
  <system-out/>
  <testcase classname="runner.RunnerTest" name="runScenario" time="0.540"/>
  <system-out/>
  <testcase classname="runner.RunnerTest" name="runScenario" time="2.878"/>
  <system-out/>
  <testcase classname="runner.RunnerTest" name="runScenario" time="5.920"/>
  <system-out/>
  <testcase classname="runner.RunnerTest" name="runScenario" time="0.897"/>
  <system-out/>
  <testcase classname="runner.RunnerTest" name="runScenario" time="1.327"/>
  <system-out/>
  <testcase classname="runner.RunnerTest" name="runScenario" time="0.684"/>
  <system-out/>
  <testcase classname="runner.RunnerTest" name="runScenario" time="10.922"/>
  <system-out/>
  <testcase classname="runner.RunnerTest" name="runScenario" time="0.639"/>
  <system-out/>
  <testcase classname="runner.RunnerTest" name="runScenario" time="0.733"/>
  <system-out/>
  <testcase classname="runner.RunnerTest" name="runScenario" time="0.550"/>
  <system-out/>
  <testcase classname="runner.RunnerTest" name="runScenario" time="5.792"/>
  <system-out/>
</testsuite> <!-- runner.RunnerTest -->
