<?xml version="1.0" encoding="UTF-8"?>
<!-- Generated by org.testng.reporters.JUnitReportReporter -->
<testsuite hostname="ManasPC" failures="0" tests="16" name="runner.RunnerTest" time="48.505" errors="0" timestamp="2023-03-22T17:20:58 CDT" skipped="0">
  <testcase classname="runner.RunnerTest" name="runScenario" time="0.698"/>
  <system-out/>
  <testcase classname="runner.RunnerTest" name="runScenario" time="7.517"/>
  <system-out/>
  <testcase classname="runner.RunnerTest" name="runScenario" time="5.364"/>
  <system-out/>
  <testcase classname="runner.RunnerTest" name="runScenario" time="0.371"/>
  <system-out/>
  <testcase classname="runner.RunnerTest" name="runScenario" time="2.450"/>
  <system-out/>
  <testcase classname="runner.RunnerTest" name="runScenario" time="6.436"/>
  <system-out/>
  <testcase classname="runner.RunnerTest" name="runScenario" time="0.431"/>
  <system-out/>
  <testcase classname="runner.RunnerTest" name="runScenario" time="6.519"/>
  <system-out/>
  <testcase classname="runner.RunnerTest" name="runScenario" time="0.420"/>
  <system-out/>
  <testcase classname="runner.RunnerTest" name="runScenario" time="1.037"/>
  <system-out/>
  <testcase classname="runner.RunnerTest" name="runScenario" time="2.808"/>
  <system-out/>
  <testcase classname="runner.RunnerTest" name="runScenario" time="4.505"/>
  <system-out/>
  <testcase classname="runner.RunnerTest" name="runScenario" time="0.495"/>
  <system-out/>
  <testcase classname="runner.RunnerTest" name="runScenario" time="6.349"/>
  <system-out/>
  <testcase classname="runner.RunnerTest" name="runScenario" time="0.441"/>
  <system-out/>
  <testcase classname="runner.RunnerTest" name="runScenario" time="2.664"/>
  <system-out/>
</testsuite> <!-- runner.RunnerTest -->
