<?xml version="1.0" encoding="UTF-8"?>
<!-- Generated by org.testng.reporters.JUnitReportReporter -->
<testsuite hostname="ManasPC" failures="0" tests="1" name="runner.Runner" time="3.602" errors="0" timestamp="2023-03-20T15:03:42 CDT" skipped="0">
  <testcase classname="runner.Runner" name="runScenario" time="3.602"/>
  <system-out/>
</testsuite> <!-- runner.Runner -->
