<?xml version="1.0" encoding="UTF-8"?>
<!-- Generated by org.testng.reporters.JUnitReportReporter -->
<testsuite hostname="ManasPC" failures="0" tests="10" name="runner.RunnerTest" time="38.408" errors="0" timestamp="2023-03-23T22:25:57 CDT" skipped="0">
  <testcase classname="runner.RunnerTest" name="runScenario" time="4.694"/>
  <system-out/>
  <testcase classname="runner.RunnerTest" name="runScenario" time="1.057"/>
  <system-out/>
  <testcase classname="runner.RunnerTest" name="runScenario" time="2.292"/>
  <system-out/>
  <testcase classname="runner.RunnerTest" name="runScenario" time="4.819"/>
  <system-out/>
  <testcase classname="runner.RunnerTest" name="runScenario" time="11.777"/>
  <system-out/>
  <testcase classname="runner.RunnerTest" name="runScenario" time="0.534"/>
  <system-out/>
  <testcase classname="runner.RunnerTest" name="runScenario" time="0.468"/>
  <system-out/>
  <testcase classname="runner.RunnerTest" name="runScenario" time="0.698"/>
  <system-out/>
  <testcase classname="runner.RunnerTest" name="runScenario" time="7.206"/>
  <system-out/>
  <testcase classname="runner.RunnerTest" name="runScenario" time="4.863"/>
  <system-out/>
</testsuite> <!-- runner.RunnerTest -->
