<?xml version="1.0" encoding="UTF-8"?>
<!-- Generated by org.testng.reporters.JUnitReportReporter -->
<testsuite hostname="ManasPC" failures="0" tests="16" name="runner.RunnerTest" time="48.258" errors="0" timestamp="2023-03-22T16:14:12 CDT" skipped="0">
  <testcase classname="runner.RunnerTest" name="runScenario" time="6.412"/>
  <system-out/>
  <testcase classname="runner.RunnerTest" name="runScenario" time="6.435"/>
  <system-out/>
  <testcase classname="runner.RunnerTest" name="runScenario" time="5.364"/>
  <system-out/>
  <testcase classname="runner.RunnerTest" name="runScenario" time="0.422"/>
  <system-out/>
  <testcase classname="runner.RunnerTest" name="runScenario" time="2.442"/>
  <system-out/>
  <testcase classname="runner.RunnerTest" name="runScenario" time="0.327"/>
  <system-out/>
  <testcase classname="runner.RunnerTest" name="runScenario" time="0.453"/>
  <system-out/>
  <testcase classname="runner.RunnerTest" name="runScenario" time="0.647"/>
  <system-out/>
  <testcase classname="runner.RunnerTest" name="runScenario" time="1.006"/>
  <system-out/>
  <testcase classname="runner.RunnerTest" name="runScenario" time="0.426"/>
  <system-out/>
  <testcase classname="runner.RunnerTest" name="runScenario" time="0.492"/>
  <system-out/>
  <testcase classname="runner.RunnerTest" name="runScenario" time="2.825"/>
  <system-out/>
  <testcase classname="runner.RunnerTest" name="runScenario" time="7.203"/>
  <system-out/>
  <testcase classname="runner.RunnerTest" name="runScenario" time="2.674"/>
  <system-out/>
  <testcase classname="runner.RunnerTest" name="runScenario" time="6.808"/>
  <system-out/>
  <testcase classname="runner.RunnerTest" name="runScenario" time="4.322"/>
  <system-out/>
</testsuite> <!-- runner.RunnerTest -->
