<?xml version="1.0" encoding="UTF-8"?>
<!-- Generated by org.testng.reporters.JUnitReportReporter -->
<testsuite hostname="ManasPC" failures="0" tests="16" name="runner.RunnerTest" time="61.743" errors="0" timestamp="2023-03-22T14:04:53 CDT" skipped="0">
  <testcase classname="runner.RunnerTest" name="runScenario" time="0.887"/>
  <system-out/>
  <testcase classname="runner.RunnerTest" name="runScenario" time="0.516"/>
  <system-out/>
  <testcase classname="runner.RunnerTest" name="runScenario" time="5.751"/>
  <system-out/>
  <testcase classname="runner.RunnerTest" name="runScenario" time="0.512"/>
  <system-out/>
  <testcase classname="runner.RunnerTest" name="runScenario" time="8.300"/>
  <system-out/>
  <testcase classname="runner.RunnerTest" name="runScenario" time="0.605"/>
  <system-out/>
  <testcase classname="runner.RunnerTest" name="runScenario" time="5.517"/>
  <system-out/>
  <testcase classname="runner.RunnerTest" name="runScenario" time="2.789"/>
  <system-out/>
  <testcase classname="runner.RunnerTest" name="runScenario" time="0.729"/>
  <system-out/>
  <testcase classname="runner.RunnerTest" name="runScenario" time="1.478"/>
  <system-out/>
  <testcase classname="runner.RunnerTest" name="runScenario" time="2.523"/>
  <system-out/>
  <testcase classname="runner.RunnerTest" name="runScenario" time="0.574"/>
  <system-out/>
  <testcase classname="runner.RunnerTest" name="runScenario" time="8.910"/>
  <system-out/>
  <testcase classname="runner.RunnerTest" name="runScenario" time="3.075"/>
  <system-out/>
  <testcase classname="runner.RunnerTest" name="runScenario" time="10.943"/>
  <system-out/>
  <testcase classname="runner.RunnerTest" name="runScenario" time="8.634"/>
  <system-out/>
</testsuite> <!-- runner.RunnerTest -->
